<?xml version="1.0" encoding="UTF-8" ?>
<testsuites>
  <testsuite errors="0" failures="0" hostname="W227005" id="0" name="TekEventSpec" package="com.tekdays" tests="1" time="3.193" timestamp="2014-09-26T05:09:02">
      <properties />

      <testcase classname="com.tekdays.TekEventSpec" name="test toString" time="3.12" />

      <system-out><![CDATA[--Output from test toString--
true
]]></system-out>

      <system-err><![CDATA[--Output from test toString--
]]></system-err>

  </testsuite>
</testsuites>
